<?xml version="1.0" encoding="UTF-8"?>
<!-- Generated by org.testng.reporters.JUnitXMLReporter -->
<testsuite ignored="3" hostname="MANGESH" failures="0" tests="1" name="Default test" time="53.047" errors="0" timestamp="2021-12-20T14:23:01 IST">
  <testcase classname="testpackage.Contactspagetest" name="validatecreatecontact" time="42.223"/>
  <testcase classname="testpackage.Contactspagetest" name="verifytitle" time="0.0">
    <ignored/>
  </testcase> <!-- verifytitle -->
  <testcase classname="testpackage.Contactspagetest" name="verifytext" time="0.0">
    <ignored/>
  </testcase> <!-- verifytext -->
  <testcase classname="testpackage.Contactspagetest" name="verifyurl" time="0.0">
    <ignored/>
  </testcase> <!-- verifyurl -->
</testsuite> <!-- Default test -->
