<?xml version="1.0" encoding="UTF-8"?>
<testng-results ignored="3" total="4" passed="1" failed="0" skipped="0">
  <reporter-output>
  </reporter-output>
  <suite started-at="2021-12-20T14:22:08 IST" name="Default suite" finished-at="2021-12-20T14:23:01 IST" duration-ms="53047">
    <groups>
    </groups>
    <test started-at="2021-12-20T14:22:08 IST" name="Default test" finished-at="2021-12-20T14:23:01 IST" duration-ms="53047">
      <class name="testpackage.Contactspagetest">
        <test-method is-config="true" signature="intialize()[pri:0, instance:testpackage.Contactspagetest@52b1beb6]" started-at="2021-12-20T14:22:08 IST" name="intialize" finished-at="2021-12-20T14:22:14 IST" duration-ms="6171" status="PASS">
          <reporter-output>
          </reporter-output>
        </test-method> <!-- intialize -->
        <test-method is-config="true" signature="login()[pri:0, instance:testpackage.Contactspagetest@52b1beb6]" started-at="2021-12-20T14:22:14 IST" name="login" finished-at="2021-12-20T14:22:18 IST" duration-ms="3552" status="PASS">
          <reporter-output>
          </reporter-output>
        </test-method> <!-- login -->
        <test-method signature="validatecreatecontact()[pri:4, instance:testpackage.Contactspagetest@52b1beb6]" started-at="2021-12-20T14:22:18 IST" name="validatecreatecontact" finished-at="2021-12-20T14:23:00 IST" duration-ms="42223" status="PASS">
          <reporter-output>
          </reporter-output>
        </test-method> <!-- validatecreatecontact -->
        <test-method is-config="true" signature="logout()[pri:0, instance:testpackage.Contactspagetest@52b1beb6]" started-at="2021-12-20T14:23:00 IST" name="logout" finished-at="2021-12-20T14:23:01 IST" duration-ms="635" status="PASS">
          <reporter-output>
          </reporter-output>
        </test-method> <!-- logout -->
        <test-method is-config="true" signature="close()[pri:0, instance:testpackage.Contactspagetest@52b1beb6]" started-at="2021-12-20T14:23:01 IST" name="close" finished-at="2021-12-20T14:23:01 IST" duration-ms="375" status="PASS">
          <reporter-output>
          </reporter-output>
        </test-method> <!-- close -->
      </class> <!-- testpackage.Contactspagetest -->
    </test> <!-- Default test -->
  </suite> <!-- Default suite -->
</testng-results>
